执行日期：2014-09-03-09：46：59
【接收到的notify通知】:
<xml><appid><![CDATA[wxf5b5e87a6a0fde94]]></appid>
<bank_type><![CDATA[CFT]]></bank_type>
<fee_type><![CDATA[CNY]]></fee_type>
<is_subscribe><![CDATA[N]]></is_subscribe>
<mch_id><![CDATA[10000097]]></mch_id>
<nonce_str><![CDATA[dz8nirk7gmxhhxn38zgib28yx14ul2gf]]></nonce_str>
<openid><![CDATA[ozoKAt-MmA74zs7MBafCix6Dg8o0]]></openid>
<out_trade_no><![CDATA[wxf5b5e87a6a0fde941409708791]]></out_trade_no>
<result_code><![CDATA[SUCCESS]]></result_code>
<return_code><![CDATA[SUCCESS]]></return_code>
<sign><![CDATA[EDACA525F6C675337B2DAC25B7145028]]></sign>
<sub_mch_id><![CDATA[10000097]]></sub_mch_id>
<time_end><![CDATA[20140903094659]]></time_end>
<total_fee>1</total_fee>
<trade_type><![CDATA[NATIVE]]></trade_type>
<transaction_id><![CDATA[1004400737201409030005091526]]></transaction_id>
</xml>


执行日期：2014-09-03-09：46：59
【支付成功】:
<xml><appid><![CDATA[wxf5b5e87a6a0fde94]]></appid>
<bank_type><![CDATA[CFT]]></bank_type>
<fee_type><![CDATA[CNY]]></fee_type>
<is_subscribe><![CDATA[N]]></is_subscribe>
<mch_id><![CDATA[10000097]]></mch_id>
<nonce_str><![CDATA[dz8nirk7gmxhhxn38zgib28yx14ul2gf]]></nonce_str>
<openid><![CDATA[ozoKAt-MmA74zs7MBafCix6Dg8o0]]></openid>
<out_trade_no><![CDATA[wxf5b5e87a6a0fde941409708791]]></out_trade_no>
<result_code><![CDATA[SUCCESS]]></result_code>
<return_code><![CDATA[SUCCESS]]></return_code>
<sign><![CDATA[EDACA525F6C675337B2DAC25B7145028]]></sign>
<sub_mch_id><![CDATA[10000097]]></sub_mch_id>
<time_end><![CDATA[20140903094659]]></time_end>
<total_fee>1</total_fee>
<trade_type><![CDATA[NATIVE]]></trade_type>
<transaction_id><![CDATA[1004400737201409030005091526]]></transaction_id>
</xml>


执行日期：2014-09-03-09：52：07
【接收到的notify通知】:



执行日期：2014-09-03-10：15：27
【接收到的notify通知】:



执行日期：2014-09-03-10：25：41
【接收到的notify通知】:
<xml><appid><![CDATA[wxf5b5e87a6a0fde94]]></appid>
<bank_type><![CDATA[CFT]]></bank_type>
<fee_type><![CDATA[CNY]]></fee_type>
<is_subscribe><![CDATA[N]]></is_subscribe>
<mch_id><![CDATA[10000097]]></mch_id>
<nonce_str><![CDATA[l399dq3x98zfnzvkmjyybhfme8xpw9ws]]></nonce_str>
<openid><![CDATA[ozoKAt-MmA74zs7MBafCix6Dg8o0]]></openid>
<out_trade_no><![CDATA[wxf5b5e87a6a0fde941409711119]]></out_trade_no>
<result_code><![CDATA[SUCCESS]]></result_code>
<return_code><![CDATA[SUCCESS]]></return_code>
<sign><![CDATA[0F8620FF980BED05C20AFD78646098E2]]></sign>
<sub_mch_id><![CDATA[10000097]]></sub_mch_id>
<time_end><![CDATA[20140903102540]]></time_end>
<total_fee>1</total_fee>
<trade_type><![CDATA[NATIVE]]></trade_type>
<transaction_id><![CDATA[1004400737201409030005088180]]></transaction_id>
</xml>


执行日期：2014-09-03-10：25：41
【支付成功】:
<xml><appid><![CDATA[wxf5b5e87a6a0fde94]]></appid>
<bank_type><![CDATA[CFT]]></bank_type>
<fee_type><![CDATA[CNY]]></fee_type>
<is_subscribe><![CDATA[N]]></is_subscribe>
<mch_id><![CDATA[10000097]]></mch_id>
<nonce_str><![CDATA[l399dq3x98zfnzvkmjyybhfme8xpw9ws]]></nonce_str>
<openid><![CDATA[ozoKAt-MmA74zs7MBafCix6Dg8o0]]></openid>
<out_trade_no><![CDATA[wxf5b5e87a6a0fde941409711119]]></out_trade_no>
<result_code><![CDATA[SUCCESS]]></result_code>
<return_code><![CDATA[SUCCESS]]></return_code>
<sign><![CDATA[0F8620FF980BED05C20AFD78646098E2]]></sign>
<sub_mch_id><![CDATA[10000097]]></sub_mch_id>
<time_end><![CDATA[20140903102540]]></time_end>
<total_fee>1</total_fee>
<trade_type><![CDATA[NATIVE]]></trade_type>
<transaction_id><![CDATA[1004400737201409030005088180]]></transaction_id>
</xml>


执行日期：2014-09-03-12：58：16
【接收到的notify通知】:
<xml><appid><![CDATA[wxf5b5e87a6a0fde94]]></appid>
<bank_type><![CDATA[CFT]]></bank_type>
<fee_type><![CDATA[CNY]]></fee_type>
<is_subscribe><![CDATA[N]]></is_subscribe>
<mch_id><![CDATA[10000097]]></mch_id>
<nonce_str><![CDATA[zjdmq3zooztpb3t97vs98lu9n82i2w30]]></nonce_str>
<openid><![CDATA[ozoKAt-MmA74zs7MBafCix6Dg8o0]]></openid>
<out_trade_no><![CDATA[wxf5b5e87a6a0fde941409720287]]></out_trade_no>
<result_code><![CDATA[SUCCESS]]></result_code>
<return_code><![CDATA[SUCCESS]]></return_code>
<sign><![CDATA[D1FC9907C663C90441C42F5630EC4BB6]]></sign>
<sub_mch_id><![CDATA[10000097]]></sub_mch_id>
<time_end><![CDATA[20140903125815]]></time_end>
<total_fee>1</total_fee>
<trade_type><![CDATA[NATIVE]]></trade_type>
<transaction_id><![CDATA[1004400737201409030005092546]]></transaction_id>
</xml>


执行日期：2014-09-03-12：58：16
【支付成功】:
<xml><appid><![CDATA[wxf5b5e87a6a0fde94]]></appid>
<bank_type><![CDATA[CFT]]></bank_type>
<fee_type><![CDATA[CNY]]></fee_type>
<is_subscribe><![CDATA[N]]></is_subscribe>
<mch_id><![CDATA[10000097]]></mch_id>
<nonce_str><![CDATA[zjdmq3zooztpb3t97vs98lu9n82i2w30]]></nonce_str>
<openid><![CDATA[ozoKAt-MmA74zs7MBafCix6Dg8o0]]></openid>
<out_trade_no><![CDATA[wxf5b5e87a6a0fde941409720287]]></out_trade_no>
<result_code><![CDATA[SUCCESS]]></result_code>
<return_code><![CDATA[SUCCESS]]></return_code>
<sign><![CDATA[D1FC9907C663C90441C42F5630EC4BB6]]></sign>
<sub_mch_id><![CDATA[10000097]]></sub_mch_id>
<time_end><![CDATA[20140903125815]]></time_end>
<total_fee>1</total_fee>
<trade_type><![CDATA[NATIVE]]></trade_type>
<transaction_id><![CDATA[1004400737201409030005092546]]></transaction_id>
</xml>


执行日期：2014-09-03-12：58：38
【接收到的notify通知】:
<xml><appid><![CDATA[wxf5b5e87a6a0fde94]]></appid>
<bank_type><![CDATA[CFT]]></bank_type>
<fee_type><![CDATA[CNY]]></fee_type>
<is_subscribe><![CDATA[N]]></is_subscribe>
<mch_id><![CDATA[10000097]]></mch_id>
<nonce_str><![CDATA[k1rfe2krf1syhrwvjotk35do3aqgcah3]]></nonce_str>
<openid><![CDATA[ozoKAt-MmA74zs7MBafCix6Dg8o0]]></openid>
<out_trade_no><![CDATA[wxf5b5e87a6a0fde941409720303]]></out_trade_no>
<result_code><![CDATA[SUCCESS]]></result_code>
<return_code><![CDATA[SUCCESS]]></return_code>
<sign><![CDATA[A03C6B584DF1925C6A4FF56A4982F07A]]></sign>
<sub_mch_id><![CDATA[10000097]]></sub_mch_id>
<time_end><![CDATA[20140903125838]]></time_end>
<total_fee>1</total_fee>
<trade_type><![CDATA[NATIVE]]></trade_type>
<transaction_id><![CDATA[1004400737201409030005088363]]></transaction_id>
</xml>


执行日期：2014-09-03-12：58：38
【支付成功】:
<xml><appid><![CDATA[wxf5b5e87a6a0fde94]]></appid>
<bank_type><![CDATA[CFT]]></bank_type>
<fee_type><![CDATA[CNY]]></fee_type>
<is_subscribe><![CDATA[N]]></is_subscribe>
<mch_id><![CDATA[10000097]]></mch_id>
<nonce_str><![CDATA[k1rfe2krf1syhrwvjotk35do3aqgcah3]]></nonce_str>
<openid><![CDATA[ozoKAt-MmA74zs7MBafCix6Dg8o0]]></openid>
<out_trade_no><![CDATA[wxf5b5e87a6a0fde941409720303]]></out_trade_no>
<result_code><![CDATA[SUCCESS]]></result_code>
<return_code><![CDATA[SUCCESS]]></return_code>
<sign><![CDATA[A03C6B584DF1925C6A4FF56A4982F07A]]></sign>
<sub_mch_id><![CDATA[10000097]]></sub_mch_id>
<time_end><![CDATA[20140903125838]]></time_end>
<total_fee>1</total_fee>
<trade_type><![CDATA[NATIVE]]></trade_type>
<transaction_id><![CDATA[1004400737201409030005088363]]></transaction_id>
</xml>


执行日期：2014-09-03-15：23：37
【接收到的notify通知】:
<xml><appid><![CDATA[wxf5b5e87a6a0fde94]]></appid>
<bank_type><![CDATA[CFT]]></bank_type>
<fee_type><![CDATA[CNY]]></fee_type>
<is_subscribe><![CDATA[N]]></is_subscribe>
<mch_id><![CDATA[10000097]]></mch_id>
<nonce_str><![CDATA[visug9gr3d8awvfaudlbrpbfx7aaq1m9]]></nonce_str>
<openid><![CDATA[ozoKAt-MmA74zs7MBafCix6Dg8o0]]></openid>
<out_trade_no><![CDATA[wxf5b5e87a6a0fde941409729008]]></out_trade_no>
<result_code><![CDATA[SUCCESS]]></result_code>
<return_code><![CDATA[SUCCESS]]></return_code>
<sign><![CDATA[04A348DC6D9C0107BB7DE7AACCC500E8]]></sign>
<sub_mch_id><![CDATA[10000097]]></sub_mch_id>
<time_end><![CDATA[20140903152337]]></time_end>
<total_fee>1</total_fee>
<trade_type><![CDATA[JSAPI]]></trade_type>
<transaction_id><![CDATA[1004400737201409030005092382]]></transaction_id>
</xml>


执行日期：2014-09-03-15：23：37
【支付成功】:
<xml><appid><![CDATA[wxf5b5e87a6a0fde94]]></appid>
<bank_type><![CDATA[CFT]]></bank_type>
<fee_type><![CDATA[CNY]]></fee_type>
<is_subscribe><![CDATA[N]]></is_subscribe>
<mch_id><![CDATA[10000097]]></mch_id>
<nonce_str><![CDATA[visug9gr3d8awvfaudlbrpbfx7aaq1m9]]></nonce_str>
<openid><![CDATA[ozoKAt-MmA74zs7MBafCix6Dg8o0]]></openid>
<out_trade_no><![CDATA[wxf5b5e87a6a0fde941409729008]]></out_trade_no>
<result_code><![CDATA[SUCCESS]]></result_code>
<return_code><![CDATA[SUCCESS]]></return_code>
<sign><![CDATA[04A348DC6D9C0107BB7DE7AACCC500E8]]></sign>
<sub_mch_id><![CDATA[10000097]]></sub_mch_id>
<time_end><![CDATA[20140903152337]]></time_end>
<total_fee>1</total_fee>
<trade_type><![CDATA[JSAPI]]></trade_type>
<transaction_id><![CDATA[1004400737201409030005092382]]></transaction_id>
</xml>


执行日期：2014-09-03-16：27：05
【接收到的notify通知】:
<xml><appid><![CDATA[wxf5b5e87a6a0fde94]]></appid>
<bank_type><![CDATA[CFT]]></bank_type>
<fee_type><![CDATA[CNY]]></fee_type>
<is_subscribe><![CDATA[N]]></is_subscribe>
<mch_id><![CDATA[10000097]]></mch_id>
<nonce_str><![CDATA[73ydlecbrc6d9uw1dti78ulqcuytqvrd]]></nonce_str>
<openid><![CDATA[ozoKAt-MmA74zs7MBafCix6Dg8o0]]></openid>
<out_trade_no><![CDATA[wxf5b5e87a6a0fde941409732816]]></out_trade_no>
<result_code><![CDATA[SUCCESS]]></result_code>
<return_code><![CDATA[SUCCESS]]></return_code>
<sign><![CDATA[D9C048A726AB1341E20929A5F9C09076]]></sign>
<sub_mch_id><![CDATA[10000097]]></sub_mch_id>
<time_end><![CDATA[20140903162705]]></time_end>
<total_fee>1</total_fee>
<trade_type><![CDATA[JSAPI]]></trade_type>
<transaction_id><![CDATA[1004400737201409030005092583]]></transaction_id>
</xml>


执行日期：2014-09-03-16：27：05
【支付成功】:
<xml><appid><![CDATA[wxf5b5e87a6a0fde94]]></appid>
<bank_type><![CDATA[CFT]]></bank_type>
<fee_type><![CDATA[CNY]]></fee_type>
<is_subscribe><![CDATA[N]]></is_subscribe>
<mch_id><![CDATA[10000097]]></mch_id>
<nonce_str><![CDATA[73ydlecbrc6d9uw1dti78ulqcuytqvrd]]></nonce_str>
<openid><![CDATA[ozoKAt-MmA74zs7MBafCix6Dg8o0]]></openid>
<out_trade_no><![CDATA[wxf5b5e87a6a0fde941409732816]]></out_trade_no>
<result_code><![CDATA[SUCCESS]]></result_code>
<return_code><![CDATA[SUCCESS]]></return_code>
<sign><![CDATA[D9C048A726AB1341E20929A5F9C09076]]></sign>
<sub_mch_id><![CDATA[10000097]]></sub_mch_id>
<time_end><![CDATA[20140903162705]]></time_end>
<total_fee>1</total_fee>
<trade_type><![CDATA[JSAPI]]></trade_type>
<transaction_id><![CDATA[1004400737201409030005092583]]></transaction_id>
</xml>


执行日期：2014-09-03-16：29：48
【接收到的notify通知】:
<xml><appid><![CDATA[wxf5b5e87a6a0fde94]]></appid>
<bank_type><![CDATA[CFT]]></bank_type>
<fee_type><![CDATA[CNY]]></fee_type>
<is_subscribe><![CDATA[N]]></is_subscribe>
<mch_id><![CDATA[10000097]]></mch_id>
<nonce_str><![CDATA[chb8arfq1tqfzm0c2hbo2awwu9c070pm]]></nonce_str>
<openid><![CDATA[ozoKAt-MmA74zs7MBafCix6Dg8o0]]></openid>
<out_trade_no><![CDATA[wxf5b5e87a6a0fde941409732979]]></out_trade_no>
<result_code><![CDATA[SUCCESS]]></result_code>
<return_code><![CDATA[SUCCESS]]></return_code>
<sign><![CDATA[0882C58B02C6FB1EACD7A024318237DA]]></sign>
<sub_mch_id><![CDATA[10000097]]></sub_mch_id>
<time_end><![CDATA[20140903162947]]></time_end>
<total_fee>1</total_fee>
<trade_type><![CDATA[NATIVE]]></trade_type>
<transaction_id><![CDATA[1004400737201409030005092843]]></transaction_id>
</xml>


执行日期：2014-09-03-16：29：48
【支付成功】:
<xml><appid><![CDATA[wxf5b5e87a6a0fde94]]></appid>
<bank_type><![CDATA[CFT]]></bank_type>
<fee_type><![CDATA[CNY]]></fee_type>
<is_subscribe><![CDATA[N]]></is_subscribe>
<mch_id><![CDATA[10000097]]></mch_id>
<nonce_str><![CDATA[chb8arfq1tqfzm0c2hbo2awwu9c070pm]]></nonce_str>
<openid><![CDATA[ozoKAt-MmA74zs7MBafCix6Dg8o0]]></openid>
<out_trade_no><![CDATA[wxf5b5e87a6a0fde941409732979]]></out_trade_no>
<result_code><![CDATA[SUCCESS]]></result_code>
<return_code><![CDATA[SUCCESS]]></return_code>
<sign><![CDATA[0882C58B02C6FB1EACD7A024318237DA]]></sign>
<sub_mch_id><![CDATA[10000097]]></sub_mch_id>
<time_end><![CDATA[20140903162947]]></time_end>
<total_fee>1</total_fee>
<trade_type><![CDATA[NATIVE]]></trade_type>
<transaction_id><![CDATA[1004400737201409030005092843]]></transaction_id>
</xml>


执行日期：2014-09-03-16：30：10
【接收到的notify通知】:
<xml><appid><![CDATA[wxf5b5e87a6a0fde94]]></appid>
<bank_type><![CDATA[CFT]]></bank_type>
<fee_type><![CDATA[CNY]]></fee_type>
<is_subscribe><![CDATA[N]]></is_subscribe>
<mch_id><![CDATA[10000097]]></mch_id>
<nonce_str><![CDATA[m92hzxx4qg371vdm95sv3i2zh7u9h242]]></nonce_str>
<openid><![CDATA[ozoKAt-MmA74zs7MBafCix6Dg8o0]]></openid>
<out_trade_no><![CDATA[wxf5b5e87a6a0fde941409732994]]></out_trade_no>
<result_code><![CDATA[SUCCESS]]></result_code>
<return_code><![CDATA[SUCCESS]]></return_code>
<sign><![CDATA[1B51E1AA31DB0AB64200E4F75752A610]]></sign>
<sub_mch_id><![CDATA[10000097]]></sub_mch_id>
<time_end><![CDATA[20140903163009]]></time_end>
<total_fee>1</total_fee>
<trade_type><![CDATA[NATIVE]]></trade_type>
<transaction_id><![CDATA[1004400737201409030005093214]]></transaction_id>
</xml>


执行日期：2014-09-03-16：30：10
【支付成功】:
<xml><appid><![CDATA[wxf5b5e87a6a0fde94]]></appid>
<bank_type><![CDATA[CFT]]></bank_type>
<fee_type><![CDATA[CNY]]></fee_type>
<is_subscribe><![CDATA[N]]></is_subscribe>
<mch_id><![CDATA[10000097]]></mch_id>
<nonce_str><![CDATA[m92hzxx4qg371vdm95sv3i2zh7u9h242]]></nonce_str>
<openid><![CDATA[ozoKAt-MmA74zs7MBafCix6Dg8o0]]></openid>
<out_trade_no><![CDATA[wxf5b5e87a6a0fde941409732994]]></out_trade_no>
<result_code><![CDATA[SUCCESS]]></result_code>
<return_code><![CDATA[SUCCESS]]></return_code>
<sign><![CDATA[1B51E1AA31DB0AB64200E4F75752A610]]></sign>
<sub_mch_id><![CDATA[10000097]]></sub_mch_id>
<time_end><![CDATA[20140903163009]]></time_end>
<total_fee>1</total_fee>
<trade_type><![CDATA[NATIVE]]></trade_type>
<transaction_id><![CDATA[1004400737201409030005093214]]></transaction_id>
</xml>


执行日期：2015-05-06-11：51：32
【接收到的notify通知】:
<xml><appid><![CDATA[wx920a184018cc7654]]></appid>
<bank_type><![CDATA[CIB_CREDIT]]></bank_type>
<cash_fee><![CDATA[100]]></cash_fee>
<fee_type><![CDATA[CNY]]></fee_type>
<is_subscribe><![CDATA[Y]]></is_subscribe>
<mch_id><![CDATA[1237619902]]></mch_id>
<nonce_str><![CDATA[3q71dw6l2145x48b5yjymh22rqd191ln]]></nonce_str>
<openid><![CDATA[o-Jf4swPAsApsb-dEWtxfwpEylDA]]></openid>
<out_trade_no><![CDATA[wx920a184018cc76541430913080]]></out_trade_no>
<result_code><![CDATA[SUCCESS]]></result_code>
<return_code><![CDATA[SUCCESS]]></return_code>
<sign><![CDATA[F620BC511BE3B9FD20C2B4922E3E1EE2]]></sign>
<time_end><![CDATA[20150506195130]]></time_end>
<total_fee>100</total_fee>
<trade_type><![CDATA[JSAPI]]></trade_type>
<transaction_id><![CDATA[1007160877201505060112912937]]></transaction_id>
</xml>


执行日期：2015-05-06-11：51：32
【支付成功】:
<xml><appid><![CDATA[wx920a184018cc7654]]></appid>
<bank_type><![CDATA[CIB_CREDIT]]></bank_type>
<cash_fee><![CDATA[100]]></cash_fee>
<fee_type><![CDATA[CNY]]></fee_type>
<is_subscribe><![CDATA[Y]]></is_subscribe>
<mch_id><![CDATA[1237619902]]></mch_id>
<nonce_str><![CDATA[3q71dw6l2145x48b5yjymh22rqd191ln]]></nonce_str>
<openid><![CDATA[o-Jf4swPAsApsb-dEWtxfwpEylDA]]></openid>
<out_trade_no><![CDATA[wx920a184018cc76541430913080]]></out_trade_no>
<result_code><![CDATA[SUCCESS]]></result_code>
<return_code><![CDATA[SUCCESS]]></return_code>
<sign><![CDATA[F620BC511BE3B9FD20C2B4922E3E1EE2]]></sign>
<time_end><![CDATA[20150506195130]]></time_end>
<total_fee>100</total_fee>
<trade_type><![CDATA[JSAPI]]></trade_type>
<transaction_id><![CDATA[1007160877201505060112912937]]></transaction_id>
</xml>


执行日期：2015-05-07-03：09：04
【接收到的notify通知】:
<xml><appid><![CDATA[wx920a184018cc7654]]></appid>
<bank_type><![CDATA[CIB_CREDIT]]></bank_type>
<cash_fee><![CDATA[100]]></cash_fee>
<fee_type><![CDATA[CNY]]></fee_type>
<is_subscribe><![CDATA[Y]]></is_subscribe>
<mch_id><![CDATA[1237619902]]></mch_id>
<nonce_str><![CDATA[ul80ttenhvhpcg9c3djlqczfhsrgi1g1]]></nonce_str>
<openid><![CDATA[o-Jf4swPAsApsb-dEWtxfwpEylDA]]></openid>
<out_trade_no><![CDATA[wx920a184018cc76541430968108]]></out_trade_no>
<result_code><![CDATA[SUCCESS]]></result_code>
<return_code><![CDATA[SUCCESS]]></return_code>
<sign><![CDATA[88C8AB871426B1D9BCC9F5F4F8CFE70A]]></sign>
<time_end><![CDATA[20150507110903]]></time_end>
<total_fee>100</total_fee>
<trade_type><![CDATA[JSAPI]]></trade_type>
<transaction_id><![CDATA[1007160877201505070113805777]]></transaction_id>
</xml>


执行日期：2015-05-07-03：09：04
【支付成功】:
<xml><appid><![CDATA[wx920a184018cc7654]]></appid>
<bank_type><![CDATA[CIB_CREDIT]]></bank_type>
<cash_fee><![CDATA[100]]></cash_fee>
<fee_type><![CDATA[CNY]]></fee_type>
<is_subscribe><![CDATA[Y]]></is_subscribe>
<mch_id><![CDATA[1237619902]]></mch_id>
<nonce_str><![CDATA[ul80ttenhvhpcg9c3djlqczfhsrgi1g1]]></nonce_str>
<openid><![CDATA[o-Jf4swPAsApsb-dEWtxfwpEylDA]]></openid>
<out_trade_no><![CDATA[wx920a184018cc76541430968108]]></out_trade_no>
<result_code><![CDATA[SUCCESS]]></result_code>
<return_code><![CDATA[SUCCESS]]></return_code>
<sign><![CDATA[88C8AB871426B1D9BCC9F5F4F8CFE70A]]></sign>
<time_end><![CDATA[20150507110903]]></time_end>
<total_fee>100</total_fee>
<trade_type><![CDATA[JSAPI]]></trade_type>
<transaction_id><![CDATA[1007160877201505070113805777]]></transaction_id>
</xml>


执行日期：2015-05-07-07：56：16
【接收到的notify通知】:



执行日期：2015-05-07-07：56：48
【接收到的notify通知】:
<xml><appid><![CDATA[wx920a184018cc7654]]></appid>
<bank_type><![CDATA[CIB_CREDIT]]></bank_type>
<cash_fee><![CDATA[1]]></cash_fee>
<fee_type><![CDATA[CNY]]></fee_type>
<is_subscribe><![CDATA[Y]]></is_subscribe>
<mch_id><![CDATA[1237619902]]></mch_id>
<nonce_str><![CDATA[m6icvdj1ujs92mwgrkq39hbjy36smael]]></nonce_str>
<openid><![CDATA[o-Jf4swPAsApsb-dEWtxfwpEylDA]]></openid>
<out_trade_no><![CDATA[991]]></out_trade_no>
<result_code><![CDATA[SUCCESS]]></result_code>
<return_code><![CDATA[SUCCESS]]></return_code>
<sign><![CDATA[4FA6750DED3883EB2252C0C2B68B9ABC]]></sign>
<time_end><![CDATA[20150507142247]]></time_end>
<total_fee>1</total_fee>
<trade_type><![CDATA[JSAPI]]></trade_type>
<transaction_id><![CDATA[1007160877201505070114218351]]></transaction_id>
</xml>


执行日期：2015-05-07-07：56：48
【支付成功】:
<xml><appid><![CDATA[wx920a184018cc7654]]></appid>
<bank_type><![CDATA[CIB_CREDIT]]></bank_type>
<cash_fee><![CDATA[1]]></cash_fee>
<fee_type><![CDATA[CNY]]></fee_type>
<is_subscribe><![CDATA[Y]]></is_subscribe>
<mch_id><![CDATA[1237619902]]></mch_id>
<nonce_str><![CDATA[m6icvdj1ujs92mwgrkq39hbjy36smael]]></nonce_str>
<openid><![CDATA[o-Jf4swPAsApsb-dEWtxfwpEylDA]]></openid>
<out_trade_no><![CDATA[991]]></out_trade_no>
<result_code><![CDATA[SUCCESS]]></result_code>
<return_code><![CDATA[SUCCESS]]></return_code>
<sign><![CDATA[4FA6750DED3883EB2252C0C2B68B9ABC]]></sign>
<time_end><![CDATA[20150507142247]]></time_end>
<total_fee>1</total_fee>
<trade_type><![CDATA[JSAPI]]></trade_type>
<transaction_id><![CDATA[1007160877201505070114218351]]></transaction_id>
</xml>


执行日期：2015-05-07-08：17：03
【接收到的notify通知】:
<xml><appid><![CDATA[wx920a184018cc7654]]></appid>
<bank_type><![CDATA[CIB_CREDIT]]></bank_type>
<cash_fee><![CDATA[1]]></cash_fee>
<fee_type><![CDATA[CNY]]></fee_type>
<is_subscribe><![CDATA[Y]]></is_subscribe>
<mch_id><![CDATA[1237619902]]></mch_id>
<nonce_str><![CDATA[g0iiu2g5ra6h40dmeyx2gevsouwd1jyb]]></nonce_str>
<openid><![CDATA[o-Jf4swPAsApsb-dEWtxfwpEylDA]]></openid>
<out_trade_no><![CDATA[wx920a184018cc76541430979144]]></out_trade_no>
<result_code><![CDATA[SUCCESS]]></result_code>
<return_code><![CDATA[SUCCESS]]></return_code>
<sign><![CDATA[A66B78FE40569C11EB802D7285DDEFBC]]></sign>
<time_end><![CDATA[20150507141256]]></time_end>
<total_fee>1</total_fee>
<trade_type><![CDATA[JSAPI]]></trade_type>
<transaction_id><![CDATA[1007160877201505070114206094]]></transaction_id>
</xml>


执行日期：2015-05-07-08：17：03
【支付成功】:
<xml><appid><![CDATA[wx920a184018cc7654]]></appid>
<bank_type><![CDATA[CIB_CREDIT]]></bank_type>
<cash_fee><![CDATA[1]]></cash_fee>
<fee_type><![CDATA[CNY]]></fee_type>
<is_subscribe><![CDATA[Y]]></is_subscribe>
<mch_id><![CDATA[1237619902]]></mch_id>
<nonce_str><![CDATA[g0iiu2g5ra6h40dmeyx2gevsouwd1jyb]]></nonce_str>
<openid><![CDATA[o-Jf4swPAsApsb-dEWtxfwpEylDA]]></openid>
<out_trade_no><![CDATA[wx920a184018cc76541430979144]]></out_trade_no>
<result_code><![CDATA[SUCCESS]]></result_code>
<return_code><![CDATA[SUCCESS]]></return_code>
<sign><![CDATA[A66B78FE40569C11EB802D7285DDEFBC]]></sign>
<time_end><![CDATA[20150507141256]]></time_end>
<total_fee>1</total_fee>
<trade_type><![CDATA[JSAPI]]></trade_type>
<transaction_id><![CDATA[1007160877201505070114206094]]></transaction_id>
</xml>


执行日期：2015-05-07-08：58：30
【接收到的notify通知】:
<xml><appid><![CDATA[wx920a184018cc7654]]></appid>
<bank_type><![CDATA[CIB_CREDIT]]></bank_type>
<cash_fee><![CDATA[1]]></cash_fee>
<fee_type><![CDATA[CNY]]></fee_type>
<is_subscribe><![CDATA[Y]]></is_subscribe>
<mch_id><![CDATA[1237619902]]></mch_id>
<nonce_str><![CDATA[71vyghj7dx4kbw431s8kfhxme7yl4x2k]]></nonce_str>
<openid><![CDATA[o-Jf4swPAsApsb-dEWtxfwpEylDA]]></openid>
<out_trade_no><![CDATA[993]]></out_trade_no>
<result_code><![CDATA[SUCCESS]]></result_code>
<return_code><![CDATA[SUCCESS]]></return_code>
<sign><![CDATA[EBAEF3871597AB094C13D9A9E359D742]]></sign>
<time_end><![CDATA[20150507165826]]></time_end>
<total_fee>1</total_fee>
<trade_type><![CDATA[JSAPI]]></trade_type>
<transaction_id><![CDATA[1007160877201505070114534797]]></transaction_id>
</xml>


执行日期：2015-05-07-08：58：30
【支付成功】:
<xml><appid><![CDATA[wx920a184018cc7654]]></appid>
<bank_type><![CDATA[CIB_CREDIT]]></bank_type>
<cash_fee><![CDATA[1]]></cash_fee>
<fee_type><![CDATA[CNY]]></fee_type>
<is_subscribe><![CDATA[Y]]></is_subscribe>
<mch_id><![CDATA[1237619902]]></mch_id>
<nonce_str><![CDATA[71vyghj7dx4kbw431s8kfhxme7yl4x2k]]></nonce_str>
<openid><![CDATA[o-Jf4swPAsApsb-dEWtxfwpEylDA]]></openid>
<out_trade_no><![CDATA[993]]></out_trade_no>
<result_code><![CDATA[SUCCESS]]></result_code>
<return_code><![CDATA[SUCCESS]]></return_code>
<sign><![CDATA[EBAEF3871597AB094C13D9A9E359D742]]></sign>
<time_end><![CDATA[20150507165826]]></time_end>
<total_fee>1</total_fee>
<trade_type><![CDATA[JSAPI]]></trade_type>
<transaction_id><![CDATA[1007160877201505070114534797]]></transaction_id>
</xml>


执行日期：2015-05-07-08：58：30
【接收到的notify通知】:
<xml><appid><![CDATA[wx920a184018cc7654]]></appid>
<bank_type><![CDATA[CIB_CREDIT]]></bank_type>
<cash_fee><![CDATA[1]]></cash_fee>
<fee_type><![CDATA[CNY]]></fee_type>
<is_subscribe><![CDATA[Y]]></is_subscribe>
<mch_id><![CDATA[1237619902]]></mch_id>
<nonce_str><![CDATA[71vyghj7dx4kbw431s8kfhxme7yl4x2k]]></nonce_str>
<openid><![CDATA[o-Jf4swPAsApsb-dEWtxfwpEylDA]]></openid>
<out_trade_no><![CDATA[993]]></out_trade_no>
<result_code><![CDATA[SUCCESS]]></result_code>
<return_code><![CDATA[SUCCESS]]></return_code>
<sign><![CDATA[EBAEF3871597AB094C13D9A9E359D742]]></sign>
<time_end><![CDATA[20150507165826]]></time_end>
<total_fee>1</total_fee>
<trade_type><![CDATA[JSAPI]]></trade_type>
<transaction_id><![CDATA[1007160877201505070114534797]]></transaction_id>
</xml>


执行日期：2015-05-07-08：58：30
【支付成功】:
<xml><appid><![CDATA[wx920a184018cc7654]]></appid>
<bank_type><![CDATA[CIB_CREDIT]]></bank_type>
<cash_fee><![CDATA[1]]></cash_fee>
<fee_type><![CDATA[CNY]]></fee_type>
<is_subscribe><![CDATA[Y]]></is_subscribe>
<mch_id><![CDATA[1237619902]]></mch_id>
<nonce_str><![CDATA[71vyghj7dx4kbw431s8kfhxme7yl4x2k]]></nonce_str>
<openid><![CDATA[o-Jf4swPAsApsb-dEWtxfwpEylDA]]></openid>
<out_trade_no><![CDATA[993]]></out_trade_no>
<result_code><![CDATA[SUCCESS]]></result_code>
<return_code><![CDATA[SUCCESS]]></return_code>
<sign><![CDATA[EBAEF3871597AB094C13D9A9E359D742]]></sign>
<time_end><![CDATA[20150507165826]]></time_end>
<total_fee>1</total_fee>
<trade_type><![CDATA[JSAPI]]></trade_type>
<transaction_id><![CDATA[1007160877201505070114534797]]></transaction_id>
</xml>


执行日期：2015-05-08-12：41：57
【接收到的notify通知】:
<xml><appid><![CDATA[wx920a184018cc7654]]></appid>
<bank_type><![CDATA[CIB_CREDIT]]></bank_type>
<cash_fee><![CDATA[100]]></cash_fee>
<fee_type><![CDATA[CNY]]></fee_type>
<is_subscribe><![CDATA[Y]]></is_subscribe>
<mch_id><![CDATA[1237619902]]></mch_id>
<nonce_str><![CDATA[pxbmhm6rbrje816pjioc54trq5tygc48]]></nonce_str>
<openid><![CDATA[o-Jf4swPAsApsb-dEWtxfwpEylDA]]></openid>
<out_trade_no><![CDATA[test_111]]></out_trade_no>
<result_code><![CDATA[SUCCESS]]></result_code>
<return_code><![CDATA[SUCCESS]]></return_code>
<sign><![CDATA[7AEC03562C59DDDE808A6459925C4FA2]]></sign>
<time_end><![CDATA[20150508204156]]></time_end>
<total_fee>100</total_fee>
<trade_type><![CDATA[JSAPI]]></trade_type>
<transaction_id><![CDATA[1007160877201505080117524775]]></transaction_id>
</xml>


执行日期：2015-05-08-12：41：57
【支付成功】:
<xml><appid><![CDATA[wx920a184018cc7654]]></appid>
<bank_type><![CDATA[CIB_CREDIT]]></bank_type>
<cash_fee><![CDATA[100]]></cash_fee>
<fee_type><![CDATA[CNY]]></fee_type>
<is_subscribe><![CDATA[Y]]></is_subscribe>
<mch_id><![CDATA[1237619902]]></mch_id>
<nonce_str><![CDATA[pxbmhm6rbrje816pjioc54trq5tygc48]]></nonce_str>
<openid><![CDATA[o-Jf4swPAsApsb-dEWtxfwpEylDA]]></openid>
<out_trade_no><![CDATA[test_111]]></out_trade_no>
<result_code><![CDATA[SUCCESS]]></result_code>
<return_code><![CDATA[SUCCESS]]></return_code>
<sign><![CDATA[7AEC03562C59DDDE808A6459925C4FA2]]></sign>
<time_end><![CDATA[20150508204156]]></time_end>
<total_fee>100</total_fee>
<trade_type><![CDATA[JSAPI]]></trade_type>
<transaction_id><![CDATA[1007160877201505080117524775]]></transaction_id>
</xml>


执行日期：2015-05-08-12：41：59
【接收到的notify通知】:
<xml><appid><![CDATA[wx920a184018cc7654]]></appid>
<bank_type><![CDATA[CIB_CREDIT]]></bank_type>
<cash_fee><![CDATA[100]]></cash_fee>
<fee_type><![CDATA[CNY]]></fee_type>
<is_subscribe><![CDATA[Y]]></is_subscribe>
<mch_id><![CDATA[1237619902]]></mch_id>
<nonce_str><![CDATA[pxbmhm6rbrje816pjioc54trq5tygc48]]></nonce_str>
<openid><![CDATA[o-Jf4swPAsApsb-dEWtxfwpEylDA]]></openid>
<out_trade_no><![CDATA[test_111]]></out_trade_no>
<result_code><![CDATA[SUCCESS]]></result_code>
<return_code><![CDATA[SUCCESS]]></return_code>
<sign><![CDATA[7AEC03562C59DDDE808A6459925C4FA2]]></sign>
<time_end><![CDATA[20150508204156]]></time_end>
<total_fee>100</total_fee>
<trade_type><![CDATA[JSAPI]]></trade_type>
<transaction_id><![CDATA[1007160877201505080117524775]]></transaction_id>
</xml>


执行日期：2015-05-08-12：41：59
【支付成功】:
<xml><appid><![CDATA[wx920a184018cc7654]]></appid>
<bank_type><![CDATA[CIB_CREDIT]]></bank_type>
<cash_fee><![CDATA[100]]></cash_fee>
<fee_type><![CDATA[CNY]]></fee_type>
<is_subscribe><![CDATA[Y]]></is_subscribe>
<mch_id><![CDATA[1237619902]]></mch_id>
<nonce_str><![CDATA[pxbmhm6rbrje816pjioc54trq5tygc48]]></nonce_str>
<openid><![CDATA[o-Jf4swPAsApsb-dEWtxfwpEylDA]]></openid>
<out_trade_no><![CDATA[test_111]]></out_trade_no>
<result_code><![CDATA[SUCCESS]]></result_code>
<return_code><![CDATA[SUCCESS]]></return_code>
<sign><![CDATA[7AEC03562C59DDDE808A6459925C4FA2]]></sign>
<time_end><![CDATA[20150508204156]]></time_end>
<total_fee>100</total_fee>
<trade_type><![CDATA[JSAPI]]></trade_type>
<transaction_id><![CDATA[1007160877201505080117524775]]></transaction_id>
</xml>


执行日期：2015-05-08-12：43：12
【接收到的notify通知】:
<xml><appid><![CDATA[wx920a184018cc7654]]></appid>
<bank_type><![CDATA[CIB_CREDIT]]></bank_type>
<cash_fee><![CDATA[100]]></cash_fee>
<fee_type><![CDATA[CNY]]></fee_type>
<is_subscribe><![CDATA[Y]]></is_subscribe>
<mch_id><![CDATA[1237619902]]></mch_id>
<nonce_str><![CDATA[84a7bqzpfbmllcfb4430julyn7tz4zck]]></nonce_str>
<openid><![CDATA[o-Jf4swPAsApsb-dEWtxfwpEylDA]]></openid>
<out_trade_no><![CDATA[test_112]]></out_trade_no>
<result_code><![CDATA[SUCCESS]]></result_code>
<return_code><![CDATA[SUCCESS]]></return_code>
<sign><![CDATA[E14DB383CBCCF969CBD8E71E6A4E2A04]]></sign>
<time_end><![CDATA[20150508204311]]></time_end>
<total_fee>100</total_fee>
<trade_type><![CDATA[JSAPI]]></trade_type>
<transaction_id><![CDATA[1007160877201505080117523796]]></transaction_id>
</xml>


执行日期：2015-05-08-12：43：12
【支付成功】:
<xml><appid><![CDATA[wx920a184018cc7654]]></appid>
<bank_type><![CDATA[CIB_CREDIT]]></bank_type>
<cash_fee><![CDATA[100]]></cash_fee>
<fee_type><![CDATA[CNY]]></fee_type>
<is_subscribe><![CDATA[Y]]></is_subscribe>
<mch_id><![CDATA[1237619902]]></mch_id>
<nonce_str><![CDATA[84a7bqzpfbmllcfb4430julyn7tz4zck]]></nonce_str>
<openid><![CDATA[o-Jf4swPAsApsb-dEWtxfwpEylDA]]></openid>
<out_trade_no><![CDATA[test_112]]></out_trade_no>
<result_code><![CDATA[SUCCESS]]></result_code>
<return_code><![CDATA[SUCCESS]]></return_code>
<sign><![CDATA[E14DB383CBCCF969CBD8E71E6A4E2A04]]></sign>
<time_end><![CDATA[20150508204311]]></time_end>
<total_fee>100</total_fee>
<trade_type><![CDATA[JSAPI]]></trade_type>
<transaction_id><![CDATA[1007160877201505080117523796]]></transaction_id>
</xml>


执行日期：2015-05-08-12：44：56
【接收到的notify通知】:
<xml><appid><![CDATA[wx920a184018cc7654]]></appid>
<bank_type><![CDATA[CIB_CREDIT]]></bank_type>
<cash_fee><![CDATA[100]]></cash_fee>
<fee_type><![CDATA[CNY]]></fee_type>
<is_subscribe><![CDATA[Y]]></is_subscribe>
<mch_id><![CDATA[1237619902]]></mch_id>
<nonce_str><![CDATA[dkb9ud852r1nmjj4ptqes219xdlylhjw]]></nonce_str>
<openid><![CDATA[o-Jf4swPAsApsb-dEWtxfwpEylDA]]></openid>
<out_trade_no><![CDATA[test_113]]></out_trade_no>
<result_code><![CDATA[SUCCESS]]></result_code>
<return_code><![CDATA[SUCCESS]]></return_code>
<sign><![CDATA[1B8497BA268C6AB2A2129E87611B441C]]></sign>
<time_end><![CDATA[20150508204455]]></time_end>
<total_fee>100</total_fee>
<trade_type><![CDATA[JSAPI]]></trade_type>
<transaction_id><![CDATA[1007160877201505080117577014]]></transaction_id>
</xml>


执行日期：2015-05-08-12：44：56
【支付成功】:
<xml><appid><![CDATA[wx920a184018cc7654]]></appid>
<bank_type><![CDATA[CIB_CREDIT]]></bank_type>
<cash_fee><![CDATA[100]]></cash_fee>
<fee_type><![CDATA[CNY]]></fee_type>
<is_subscribe><![CDATA[Y]]></is_subscribe>
<mch_id><![CDATA[1237619902]]></mch_id>
<nonce_str><![CDATA[dkb9ud852r1nmjj4ptqes219xdlylhjw]]></nonce_str>
<openid><![CDATA[o-Jf4swPAsApsb-dEWtxfwpEylDA]]></openid>
<out_trade_no><![CDATA[test_113]]></out_trade_no>
<result_code><![CDATA[SUCCESS]]></result_code>
<return_code><![CDATA[SUCCESS]]></return_code>
<sign><![CDATA[1B8497BA268C6AB2A2129E87611B441C]]></sign>
<time_end><![CDATA[20150508204455]]></time_end>
<total_fee>100</total_fee>
<trade_type><![CDATA[JSAPI]]></trade_type>
<transaction_id><![CDATA[1007160877201505080117577014]]></transaction_id>
</xml>


执行日期：2015-05-08-12：52：37
【接收到的notify通知】:
<xml><appid><![CDATA[wx920a184018cc7654]]></appid>
<bank_type><![CDATA[CIB_CREDIT]]></bank_type>
<cash_fee><![CDATA[100]]></cash_fee>
<fee_type><![CDATA[CNY]]></fee_type>
<is_subscribe><![CDATA[Y]]></is_subscribe>
<mch_id><![CDATA[1237619902]]></mch_id>
<nonce_str><![CDATA[tvuulqoqunh11ffim4jfxx1kxmodmru6]]></nonce_str>
<openid><![CDATA[o-Jf4swPAsApsb-dEWtxfwpEylDA]]></openid>
<out_trade_no><![CDATA[test_115]]></out_trade_no>
<result_code><![CDATA[SUCCESS]]></result_code>
<return_code><![CDATA[SUCCESS]]></return_code>
<sign><![CDATA[231AFA47D84FB05967C5756E24564F50]]></sign>
<time_end><![CDATA[20150508205236]]></time_end>
<total_fee>100</total_fee>
<trade_type><![CDATA[JSAPI]]></trade_type>
<transaction_id><![CDATA[1007160877201505080117578933]]></transaction_id>
</xml>


执行日期：2015-05-08-12：52：37
【支付成功】:
<xml><appid><![CDATA[wx920a184018cc7654]]></appid>
<bank_type><![CDATA[CIB_CREDIT]]></bank_type>
<cash_fee><![CDATA[100]]></cash_fee>
<fee_type><![CDATA[CNY]]></fee_type>
<is_subscribe><![CDATA[Y]]></is_subscribe>
<mch_id><![CDATA[1237619902]]></mch_id>
<nonce_str><![CDATA[tvuulqoqunh11ffim4jfxx1kxmodmru6]]></nonce_str>
<openid><![CDATA[o-Jf4swPAsApsb-dEWtxfwpEylDA]]></openid>
<out_trade_no><![CDATA[test_115]]></out_trade_no>
<result_code><![CDATA[SUCCESS]]></result_code>
<return_code><![CDATA[SUCCESS]]></return_code>
<sign><![CDATA[231AFA47D84FB05967C5756E24564F50]]></sign>
<time_end><![CDATA[20150508205236]]></time_end>
<total_fee>100</total_fee>
<trade_type><![CDATA[JSAPI]]></trade_type>
<transaction_id><![CDATA[1007160877201505080117578933]]></transaction_id>
</xml>


执行日期：2015-05-08-12：52：38
【接收到的notify通知】:
<xml><appid><![CDATA[wx920a184018cc7654]]></appid>
<bank_type><![CDATA[CIB_CREDIT]]></bank_type>
<cash_fee><![CDATA[100]]></cash_fee>
<fee_type><![CDATA[CNY]]></fee_type>
<is_subscribe><![CDATA[Y]]></is_subscribe>
<mch_id><![CDATA[1237619902]]></mch_id>
<nonce_str><![CDATA[tvuulqoqunh11ffim4jfxx1kxmodmru6]]></nonce_str>
<openid><![CDATA[o-Jf4swPAsApsb-dEWtxfwpEylDA]]></openid>
<out_trade_no><![CDATA[test_115]]></out_trade_no>
<result_code><![CDATA[SUCCESS]]></result_code>
<return_code><![CDATA[SUCCESS]]></return_code>
<sign><![CDATA[231AFA47D84FB05967C5756E24564F50]]></sign>
<time_end><![CDATA[20150508205236]]></time_end>
<total_fee>100</total_fee>
<trade_type><![CDATA[JSAPI]]></trade_type>
<transaction_id><![CDATA[1007160877201505080117578933]]></transaction_id>
</xml>


执行日期：2015-05-08-12：52：38
【支付成功】:
<xml><appid><![CDATA[wx920a184018cc7654]]></appid>
<bank_type><![CDATA[CIB_CREDIT]]></bank_type>
<cash_fee><![CDATA[100]]></cash_fee>
<fee_type><![CDATA[CNY]]></fee_type>
<is_subscribe><![CDATA[Y]]></is_subscribe>
<mch_id><![CDATA[1237619902]]></mch_id>
<nonce_str><![CDATA[tvuulqoqunh11ffim4jfxx1kxmodmru6]]></nonce_str>
<openid><![CDATA[o-Jf4swPAsApsb-dEWtxfwpEylDA]]></openid>
<out_trade_no><![CDATA[test_115]]></out_trade_no>
<result_code><![CDATA[SUCCESS]]></result_code>
<return_code><![CDATA[SUCCESS]]></return_code>
<sign><![CDATA[231AFA47D84FB05967C5756E24564F50]]></sign>
<time_end><![CDATA[20150508205236]]></time_end>
<total_fee>100</total_fee>
<trade_type><![CDATA[JSAPI]]></trade_type>
<transaction_id><![CDATA[1007160877201505080117578933]]></transaction_id>
</xml>


执行日期：2015-05-08-12：53：32
【接收到的notify通知】:
<xml><appid><![CDATA[wx920a184018cc7654]]></appid>
<bank_type><![CDATA[CIB_CREDIT]]></bank_type>
<cash_fee><![CDATA[100]]></cash_fee>
<fee_type><![CDATA[CNY]]></fee_type>
<is_subscribe><![CDATA[Y]]></is_subscribe>
<mch_id><![CDATA[1237619902]]></mch_id>
<nonce_str><![CDATA[xe8sx9p5q4vup0up0v5xh6i66aqdmw8q]]></nonce_str>
<openid><![CDATA[o-Jf4swPAsApsb-dEWtxfwpEylDA]]></openid>
<out_trade_no><![CDATA[test_116]]></out_trade_no>
<result_code><![CDATA[SUCCESS]]></result_code>
<return_code><![CDATA[SUCCESS]]></return_code>
<sign><![CDATA[7BBC5C9BD6DB3197C76B6D057A231B8C]]></sign>
<time_end><![CDATA[20150508205332]]></time_end>
<total_fee>100</total_fee>
<trade_type><![CDATA[JSAPI]]></trade_type>
<transaction_id><![CDATA[1007160877201505080117597681]]></transaction_id>
</xml>


执行日期：2015-05-08-12：53：32
【支付成功】:
<xml><appid><![CDATA[wx920a184018cc7654]]></appid>
<bank_type><![CDATA[CIB_CREDIT]]></bank_type>
<cash_fee><![CDATA[100]]></cash_fee>
<fee_type><![CDATA[CNY]]></fee_type>
<is_subscribe><![CDATA[Y]]></is_subscribe>
<mch_id><![CDATA[1237619902]]></mch_id>
<nonce_str><![CDATA[xe8sx9p5q4vup0up0v5xh6i66aqdmw8q]]></nonce_str>
<openid><![CDATA[o-Jf4swPAsApsb-dEWtxfwpEylDA]]></openid>
<out_trade_no><![CDATA[test_116]]></out_trade_no>
<result_code><![CDATA[SUCCESS]]></result_code>
<return_code><![CDATA[SUCCESS]]></return_code>
<sign><![CDATA[7BBC5C9BD6DB3197C76B6D057A231B8C]]></sign>
<time_end><![CDATA[20150508205332]]></time_end>
<total_fee>100</total_fee>
<trade_type><![CDATA[JSAPI]]></trade_type>
<transaction_id><![CDATA[1007160877201505080117597681]]></transaction_id>
</xml>


执行日期：2015-05-08-12：56：22
【接收到的notify通知】:
<xml><appid><![CDATA[wx920a184018cc7654]]></appid>
<bank_type><![CDATA[CIB_CREDIT]]></bank_type>
<cash_fee><![CDATA[100]]></cash_fee>
<fee_type><![CDATA[CNY]]></fee_type>
<is_subscribe><![CDATA[Y]]></is_subscribe>
<mch_id><![CDATA[1237619902]]></mch_id>
<nonce_str><![CDATA[siz1etxz5j0hchawo5zemeq40cviomax]]></nonce_str>
<openid><![CDATA[o-Jf4swPAsApsb-dEWtxfwpEylDA]]></openid>
<out_trade_no><![CDATA[test_117]]></out_trade_no>
<result_code><![CDATA[SUCCESS]]></result_code>
<return_code><![CDATA[SUCCESS]]></return_code>
<sign><![CDATA[2546D31A8B3C22FC960E522664CF9780]]></sign>
<time_end><![CDATA[20150508205622]]></time_end>
<total_fee>100</total_fee>
<trade_type><![CDATA[JSAPI]]></trade_type>
<transaction_id><![CDATA[1007160877201505080117604087]]></transaction_id>
</xml>


执行日期：2015-05-08-12：56：22
【支付成功】:
<xml><appid><![CDATA[wx920a184018cc7654]]></appid>
<bank_type><![CDATA[CIB_CREDIT]]></bank_type>
<cash_fee><![CDATA[100]]></cash_fee>
<fee_type><![CDATA[CNY]]></fee_type>
<is_subscribe><![CDATA[Y]]></is_subscribe>
<mch_id><![CDATA[1237619902]]></mch_id>
<nonce_str><![CDATA[siz1etxz5j0hchawo5zemeq40cviomax]]></nonce_str>
<openid><![CDATA[o-Jf4swPAsApsb-dEWtxfwpEylDA]]></openid>
<out_trade_no><![CDATA[test_117]]></out_trade_no>
<result_code><![CDATA[SUCCESS]]></result_code>
<return_code><![CDATA[SUCCESS]]></return_code>
<sign><![CDATA[2546D31A8B3C22FC960E522664CF9780]]></sign>
<time_end><![CDATA[20150508205622]]></time_end>
<total_fee>100</total_fee>
<trade_type><![CDATA[JSAPI]]></trade_type>
<transaction_id><![CDATA[1007160877201505080117604087]]></transaction_id>
</xml>


